{"/Users/denisniwemugisha/npm_projects/arrList/index.js":{"path":"/Users/denisniwemugisha/npm_projects/arrList/index.js","s":{"1":1,"2":1,"3":1,"4":11,"5":10,"6":10,"7":1,"8":1,"9":1,"10":1,"11":2,"12":7,"13":2,"14":2,"15":6,"16":2,"17":4,"18":20,"19":20,"20":4,"21":4,"22":4,"23":4,"24":6,"25":6,"26":23,"27":2,"28":6,"29":4,"30":2,"31":5,"32":2,"33":1},"b":{"1":[10,1],"2":[2,5],"3":[2,4],"4":[6,2,4],"5":[4,16],"6":[2,21],"7":[2,3]},"f":{"1":1,"2":11,"3":1,"4":1,"5":2,"6":6,"7":6,"8":4,"9":2},"fnMap":{"1":{"name":"(anonymous_1)","line":4,"loc":{"start":{"line":4,"column":15},"end":{"line":4,"column":17}}},"2":{"name":"(anonymous_2)","line":8,"loc":{"start":{"line":8,"column":7},"end":{"line":8,"column":11}}},"3":{"name":"(anonymous_3)","line":16,"loc":{"start":{"line":16,"column":10},"end":{"line":16,"column":20}}},"4":{"name":"(anonymous_4)","line":21,"loc":{"start":{"line":21,"column":10},"end":{"line":21,"column":17}}},"5":{"name":"(anonymous_5)","line":25,"loc":{"start":{"line":25,"column":13},"end":{"line":25,"column":22}}},"6":{"name":"(anonymous_6)","line":35,"loc":{"start":{"line":35,"column":10},"end":{"line":35,"column":21}}},"7":{"name":"(anonymous_7)","line":53,"loc":{"start":{"line":53,"column":12},"end":{"line":53,"column":16}}},"8":{"name":"(anonymous_8)","line":63,"loc":{"start":{"line":63,"column":7},"end":{"line":63,"column":14}}},"9":{"name":"(anonymous_9)","line":66,"loc":{"start":{"line":66,"column":11},"end":{"line":66,"column":15}}}},"statementMap":{"1":{"start":{"line":1,"column":0},"end":{"line":1,"column":36}},"2":{"start":{"line":5,"column":5},"end":{"line":5,"column":18}},"3":{"start":{"line":6,"column":5},"end":{"line":6,"column":16}},"4":{"start":{"line":9,"column":8},"end":{"line":12,"column":9}},"5":{"start":{"line":10,"column":12},"end":{"line":10,"column":29}},"6":{"start":{"line":11,"column":12},"end":{"line":11,"column":24}},"7":{"start":{"line":17,"column":12},"end":{"line":17,"column":39}},"8":{"start":{"line":18,"column":12},"end":{"line":18,"column":23}},"9":{"start":{"line":22,"column":8},"end":{"line":22,"column":32}},"10":{"start":{"line":23,"column":8},"end":{"line":23,"column":19}},"11":{"start":{"line":26,"column":8},"end":{"line":32,"column":9}},"12":{"start":{"line":27,"column":12},"end":{"line":30,"column":13}},"13":{"start":{"line":28,"column":16},"end":{"line":28,"column":36}},"14":{"start":{"line":29,"column":16},"end":{"line":29,"column":27}},"15":{"start":{"line":36,"column":8},"end":{"line":37,"column":18}},"16":{"start":{"line":37,"column":12},"end":{"line":37,"column":18}},"17":{"start":{"line":38,"column":8},"end":{"line":50,"column":9}},"18":{"start":{"line":39,"column":12},"end":{"line":39,"column":23}},"19":{"start":{"line":40,"column":12},"end":{"line":49,"column":13}},"20":{"start":{"line":41,"column":16},"end":{"line":41,"column":36}},"21":{"start":{"line":43,"column":20},"end":{"line":43,"column":23}},"22":{"start":{"line":44,"column":20},"end":{"line":44,"column":42}},"23":{"start":{"line":48,"column":16},"end":{"line":48,"column":21}},"24":{"start":{"line":54,"column":8},"end":{"line":54,"column":30}},"25":{"start":{"line":55,"column":8},"end":{"line":59,"column":10}},"26":{"start":{"line":56,"column":12},"end":{"line":58,"column":13}},"27":{"start":{"line":57,"column":16},"end":{"line":57,"column":33}},"28":{"start":{"line":61,"column":8},"end":{"line":61,"column":25}},"29":{"start":{"line":64,"column":8},"end":{"line":64,"column":30}},"30":{"start":{"line":67,"column":8},"end":{"line":70,"column":9}},"31":{"start":{"line":68,"column":12},"end":{"line":69,"column":34}},"32":{"start":{"line":69,"column":16},"end":{"line":69,"column":34}},"33":{"start":{"line":75,"column":1},"end":{"line":75,"column":27}}},"branchMap":{"1":{"line":9,"type":"if","locations":[{"start":{"line":9,"column":8},"end":{"line":9,"column":8}},{"start":{"line":9,"column":8},"end":{"line":9,"column":8}}]},"2":{"line":27,"type":"if","locations":[{"start":{"line":27,"column":12},"end":{"line":27,"column":12}},{"start":{"line":27,"column":12},"end":{"line":27,"column":12}}]},"3":{"line":36,"type":"if","locations":[{"start":{"line":36,"column":8},"end":{"line":36,"column":8}},{"start":{"line":36,"column":8},"end":{"line":36,"column":8}}]},"4":{"line":36,"type":"binary-expr","locations":[{"start":{"line":36,"column":12},"end":{"line":36,"column":14}},{"start":{"line":36,"column":18},"end":{"line":36,"column":22}},{"start":{"line":36,"column":27},"end":{"line":36,"column":32}}]},"5":{"line":40,"type":"if","locations":[{"start":{"line":40,"column":12},"end":{"line":40,"column":12}},{"start":{"line":40,"column":12},"end":{"line":40,"column":12}}]},"6":{"line":56,"type":"if","locations":[{"start":{"line":56,"column":12},"end":{"line":56,"column":12}},{"start":{"line":56,"column":12},"end":{"line":56,"column":12}}]},"7":{"line":68,"type":"if","locations":[{"start":{"line":68,"column":12},"end":{"line":68,"column":12}},{"start":{"line":68,"column":12},"end":{"line":68,"column":12}}]}}}}