{"/Users/denisniwemugisha/npm_projects/arrList/index.js":{"path":"/Users/denisniwemugisha/npm_projects/arrList/index.js","s":{"1":1,"2":1,"3":1,"4":10,"5":10,"6":10,"7":1,"8":1,"9":1,"10":1,"11":2,"12":7,"13":2,"14":2,"15":6,"16":2,"17":4,"18":20,"19":20,"20":4,"21":4,"22":4,"23":4,"24":4,"25":6,"26":6,"27":23,"28":2,"29":6,"30":4,"31":2,"32":5,"33":2,"34":1},"b":{"1":[10,0],"2":[2,5],"3":[2,4],"4":[6,2],"5":[4,16],"6":[4,0],"7":[2,21],"8":[2,3]},"f":{"1":1,"2":10,"3":1,"4":1,"5":2,"6":6,"7":6,"8":4,"9":2},"fnMap":{"1":{"name":"(anonymous_1)","line":4,"loc":{"start":{"line":4,"column":15},"end":{"line":4,"column":17}}},"2":{"name":"(anonymous_2)","line":8,"loc":{"start":{"line":8,"column":7},"end":{"line":8,"column":11}}},"3":{"name":"(anonymous_3)","line":14,"loc":{"start":{"line":14,"column":10},"end":{"line":14,"column":20}}},"4":{"name":"(anonymous_4)","line":19,"loc":{"start":{"line":19,"column":10},"end":{"line":19,"column":17}}},"5":{"name":"(anonymous_5)","line":23,"loc":{"start":{"line":23,"column":13},"end":{"line":23,"column":22}}},"6":{"name":"(anonymous_6)","line":32,"loc":{"start":{"line":32,"column":10},"end":{"line":32,"column":21}}},"7":{"name":"(anonymous_7)","line":48,"loc":{"start":{"line":48,"column":12},"end":{"line":48,"column":16}}},"8":{"name":"(anonymous_8)","line":58,"loc":{"start":{"line":58,"column":7},"end":{"line":58,"column":14}}},"9":{"name":"(anonymous_9)","line":61,"loc":{"start":{"line":61,"column":11},"end":{"line":61,"column":15}}}},"statementMap":{"1":{"start":{"line":1,"column":0},"end":{"line":1,"column":36}},"2":{"start":{"line":5,"column":5},"end":{"line":5,"column":18}},"3":{"start":{"line":6,"column":5},"end":{"line":6,"column":16}},"4":{"start":{"line":9,"column":8},"end":{"line":9,"column":25}},"5":{"start":{"line":10,"column":8},"end":{"line":11,"column":24}},"6":{"start":{"line":11,"column":12},"end":{"line":11,"column":24}},"7":{"start":{"line":15,"column":12},"end":{"line":15,"column":39}},"8":{"start":{"line":16,"column":12},"end":{"line":16,"column":23}},"9":{"start":{"line":20,"column":8},"end":{"line":20,"column":32}},"10":{"start":{"line":21,"column":8},"end":{"line":21,"column":19}},"11":{"start":{"line":24,"column":8},"end":{"line":29,"column":9}},"12":{"start":{"line":25,"column":12},"end":{"line":28,"column":13}},"13":{"start":{"line":26,"column":16},"end":{"line":26,"column":36}},"14":{"start":{"line":27,"column":16},"end":{"line":27,"column":27}},"15":{"start":{"line":33,"column":8},"end":{"line":34,"column":18}},"16":{"start":{"line":34,"column":12},"end":{"line":34,"column":18}},"17":{"start":{"line":35,"column":8},"end":{"line":45,"column":9}},"18":{"start":{"line":36,"column":12},"end":{"line":36,"column":23}},"19":{"start":{"line":37,"column":12},"end":{"line":44,"column":13}},"20":{"start":{"line":38,"column":16},"end":{"line":38,"column":36}},"21":{"start":{"line":39,"column":16},"end":{"line":42,"column":17}},"22":{"start":{"line":40,"column":20},"end":{"line":40,"column":23}},"23":{"start":{"line":41,"column":20},"end":{"line":41,"column":42}},"24":{"start":{"line":43,"column":16},"end":{"line":43,"column":21}},"25":{"start":{"line":49,"column":8},"end":{"line":49,"column":30}},"26":{"start":{"line":50,"column":8},"end":{"line":54,"column":10}},"27":{"start":{"line":51,"column":12},"end":{"line":53,"column":13}},"28":{"start":{"line":52,"column":16},"end":{"line":52,"column":33}},"29":{"start":{"line":56,"column":8},"end":{"line":56,"column":25}},"30":{"start":{"line":59,"column":8},"end":{"line":59,"column":30}},"31":{"start":{"line":62,"column":8},"end":{"line":65,"column":9}},"32":{"start":{"line":63,"column":12},"end":{"line":64,"column":34}},"33":{"start":{"line":64,"column":16},"end":{"line":64,"column":34}},"34":{"start":{"line":70,"column":1},"end":{"line":70,"column":27}}},"branchMap":{"1":{"line":10,"type":"if","locations":[{"start":{"line":10,"column":8},"end":{"line":10,"column":8}},{"start":{"line":10,"column":8},"end":{"line":10,"column":8}}]},"2":{"line":25,"type":"if","locations":[{"start":{"line":25,"column":12},"end":{"line":25,"column":12}},{"start":{"line":25,"column":12},"end":{"line":25,"column":12}}]},"3":{"line":33,"type":"if","locations":[{"start":{"line":33,"column":8},"end":{"line":33,"column":8}},{"start":{"line":33,"column":8},"end":{"line":33,"column":8}}]},"4":{"line":33,"type":"binary-expr","locations":[{"start":{"line":33,"column":11},"end":{"line":33,"column":13}},{"start":{"line":33,"column":17},"end":{"line":33,"column":21}}]},"5":{"line":37,"type":"if","locations":[{"start":{"line":37,"column":12},"end":{"line":37,"column":12}},{"start":{"line":37,"column":12},"end":{"line":37,"column":12}}]},"6":{"line":39,"type":"if","locations":[{"start":{"line":39,"column":16},"end":{"line":39,"column":16}},{"start":{"line":39,"column":16},"end":{"line":39,"column":16}}]},"7":{"line":51,"type":"if","locations":[{"start":{"line":51,"column":12},"end":{"line":51,"column":12}},{"start":{"line":51,"column":12},"end":{"line":51,"column":12}}]},"8":{"line":63,"type":"if","locations":[{"start":{"line":63,"column":12},"end":{"line":63,"column":12}},{"start":{"line":63,"column":12},"end":{"line":63,"column":12}}]}}}}