TN:
SF:/Users/denisniwemugisha/npm_projects/arrList/index.js
FN:4,(anonymous_1)
FN:8,(anonymous_2)
FN:14,(anonymous_3)
FN:19,(anonymous_4)
FN:23,(anonymous_5)
FN:32,(anonymous_6)
FN:48,(anonymous_7)
FN:58,(anonymous_8)
FN:61,(anonymous_9)
FNF:9
FNH:9
FNDA:1,(anonymous_1)
FNDA:10,(anonymous_2)
FNDA:1,(anonymous_3)
FNDA:1,(anonymous_4)
FNDA:2,(anonymous_5)
FNDA:6,(anonymous_6)
FNDA:6,(anonymous_7)
FNDA:4,(anonymous_8)
FNDA:2,(anonymous_9)
DA:1,1
DA:5,1
DA:6,1
DA:9,10
DA:10,10
DA:11,10
DA:15,1
DA:16,1
DA:20,1
DA:21,1
DA:24,2
DA:25,7
DA:26,2
DA:27,2
DA:33,6
DA:34,2
DA:35,4
DA:36,20
DA:37,20
DA:38,4
DA:39,4
DA:40,4
DA:41,4
DA:43,4
DA:49,6
DA:50,6
DA:51,23
DA:52,2
DA:56,6
DA:59,4
DA:62,2
DA:63,5
DA:64,2
DA:70,1
LF:34
LH:34
BRDA:10,1,0,10
BRDA:10,1,1,0
BRDA:25,2,0,2
BRDA:25,2,1,5
BRDA:33,3,0,2
BRDA:33,3,1,4
BRDA:33,4,0,6
BRDA:33,4,1,2
BRDA:37,5,0,4
BRDA:37,5,1,16
BRDA:39,6,0,4
BRDA:39,6,1,0
BRDA:51,7,0,2
BRDA:51,7,1,21
BRDA:63,8,0,2
BRDA:63,8,1,3
BRF:16
BRH:14
end_of_record
