TN:
SF:/Users/denisniwemugisha/npm_projects/arrList/index.js
FN:4,(anonymous_1)
FN:8,(anonymous_2)
FN:16,(anonymous_3)
FN:21,(anonymous_4)
FN:25,(anonymous_5)
FN:35,(anonymous_6)
FN:53,(anonymous_7)
FN:63,(anonymous_8)
FN:66,(anonymous_9)
FNF:9
FNH:9
FNDA:1,(anonymous_1)
FNDA:11,(anonymous_2)
FNDA:1,(anonymous_3)
FNDA:1,(anonymous_4)
FNDA:2,(anonymous_5)
FNDA:6,(anonymous_6)
FNDA:6,(anonymous_7)
FNDA:4,(anonymous_8)
FNDA:2,(anonymous_9)
DA:1,1
DA:5,1
DA:6,1
DA:9,11
DA:10,10
DA:11,10
DA:17,1
DA:18,1
DA:22,1
DA:23,1
DA:26,2
DA:27,7
DA:28,2
DA:29,2
DA:36,6
DA:37,2
DA:38,4
DA:39,20
DA:40,20
DA:41,4
DA:43,4
DA:44,4
DA:48,4
DA:54,6
DA:55,6
DA:56,23
DA:57,2
DA:61,6
DA:64,4
DA:67,2
DA:68,5
DA:69,2
DA:75,1
LF:33
LH:33
BRDA:9,1,0,10
BRDA:9,1,1,1
BRDA:27,2,0,2
BRDA:27,2,1,5
BRDA:36,3,0,2
BRDA:36,3,1,4
BRDA:36,4,0,6
BRDA:36,4,1,2
BRDA:36,4,2,4
BRDA:40,5,0,4
BRDA:40,5,1,16
BRDA:56,6,0,2
BRDA:56,6,1,21
BRDA:68,7,0,2
BRDA:68,7,1,3
BRF:15
BRH:15
end_of_record
